[36m[2025-11-07 17:15:52 DEBUG] [__init__:101][39m ###############################################################################
[36m[2025-11-07 17:15:52 DEBUG] [__init__:102][39m Running command 'run'
[36m[2025-11-07 17:15:52 DEBUG] [__init__:106][39m Using settings file 'C:\Users\Akshay\.chaostoolkit\settings.yaml'
[36m[2025-11-07 17:15:53 DEBUG] [settings:31][39m The Chaos Toolkit settings file could not be found at 'C:\Users\Akshay\.chaostoolkit\settings.yaml'.
[36m[2025-11-07 17:15:53 DEBUG] [__init__:472][39m No controls to apply on 'loader'
[36m[2025-11-07 17:15:53 DEBUG] [__init__:472][39m No controls to apply on 'loader'
[36m[2025-11-07 17:15:53 DEBUG] [caching:24][39m Building activity cache...
[36m[2025-11-07 17:15:53 DEBUG] [caching:35][39m Cached 3 activities
[32m[2025-11-07 17:15:53 INFO] [experiment:59][39m Validating the experiment's syntax
[36m[2025-11-07 17:15:53 DEBUG] [configuration:64][39m Loading configuration...
[36m[2025-11-07 17:15:53 DEBUG] [secret:79][39m Loading secrets...
[36m[2025-11-07 17:15:53 DEBUG] [secret:104][39m Done loading secrets
[36m[2025-11-07 17:16:08 DEBUG] [caching:42][39m Clearing activities cache
[31m[2025-11-07 17:16:08 ERROR] [run:188][39m The python module 'chaosk8s.pod.actions' does not expose a function called 'create_pods' in action 'recover-backend'
[36m[2025-11-07 17:16:08 DEBUG] [run:189][39m The python module 'chaosk8s.pod.actions' does not expose a function called 'create_pods' in action 'recover-backend'
[36m[2025-11-07 17:16:14 DEBUG] [__init__:101][39m ###############################################################################
[36m[2025-11-07 17:16:14 DEBUG] [__init__:102][39m Running command 'run'
[36m[2025-11-07 17:16:14 DEBUG] [__init__:106][39m Using settings file 'C:\Users\Akshay\.chaostoolkit\settings.yaml'
[36m[2025-11-07 17:16:15 DEBUG] [settings:31][39m The Chaos Toolkit settings file could not be found at 'C:\Users\Akshay\.chaostoolkit\settings.yaml'.
[36m[2025-11-07 17:16:15 DEBUG] [__init__:472][39m No controls to apply on 'loader'
[36m[2025-11-07 17:16:15 DEBUG] [__init__:472][39m No controls to apply on 'loader'
[36m[2025-11-07 17:16:15 DEBUG] [caching:24][39m Building activity cache...
[36m[2025-11-07 17:16:15 DEBUG] [caching:35][39m Cached 3 activities
[32m[2025-11-07 17:16:15 INFO] [experiment:59][39m Validating the experiment's syntax
[36m[2025-11-07 17:16:15 DEBUG] [configuration:64][39m Loading configuration...
[36m[2025-11-07 17:16:15 DEBUG] [secret:79][39m Loading secrets...
[36m[2025-11-07 17:16:15 DEBUG] [secret:104][39m Done loading secrets
[36m[2025-11-07 17:16:15 DEBUG] [caching:42][39m Clearing activities cache
[31m[2025-11-07 17:16:15 ERROR] [run:188][39m The python module 'chaosk8s.pod.actions' does not expose a function called 'create_pods' in action 'recover-backend'
[36m[2025-11-07 17:16:15 DEBUG] [run:189][39m The python module 'chaosk8s.pod.actions' does not expose a function called 'create_pods' in action 'recover-backend'
[36m[2025-11-07 17:18:29 DEBUG] [__init__:101][39m ###############################################################################
[36m[2025-11-07 17:18:29 DEBUG] [__init__:102][39m Running command 'run'
[36m[2025-11-07 17:18:29 DEBUG] [__init__:106][39m Using settings file 'C:\Users\Akshay\.chaostoolkit\settings.yaml'
[36m[2025-11-07 17:18:30 DEBUG] [settings:31][39m The Chaos Toolkit settings file could not be found at 'C:\Users\Akshay\.chaostoolkit\settings.yaml'.
[36m[2025-11-07 17:18:30 DEBUG] [__init__:472][39m No controls to apply on 'loader'
[36m[2025-11-07 17:18:30 DEBUG] [__init__:472][39m No controls to apply on 'loader'
[36m[2025-11-07 17:18:30 DEBUG] [caching:24][39m Building activity cache...
[36m[2025-11-07 17:18:30 DEBUG] [caching:35][39m Cached 3 activities
[32m[2025-11-07 17:18:30 INFO] [experiment:59][39m Validating the experiment's syntax
[36m[2025-11-07 17:18:30 DEBUG] [configuration:64][39m Loading configuration...
[36m[2025-11-07 17:18:30 DEBUG] [secret:79][39m Loading secrets...
[36m[2025-11-07 17:18:30 DEBUG] [secret:104][39m Done loading secrets
[32m[2025-11-07 17:18:30 INFO] [experiment:112][39m Experiment looks valid
[36m[2025-11-07 17:18:30 DEBUG] [caching:42][39m Clearing activities cache
[36m[2025-11-07 17:18:30 DEBUG] [run:224][39m Runtime strategies: hypothesis - default / rollbacks - default
[36m[2025-11-07 17:18:30 DEBUG] [caching:24][39m Building activity cache...
[36m[2025-11-07 17:18:30 DEBUG] [caching:35][39m Cached 3 activities
[36m[2025-11-07 17:18:30 DEBUG] [configuration:64][39m Loading configuration...
[36m[2025-11-07 17:18:30 DEBUG] [secret:79][39m Loading secrets...
[36m[2025-11-07 17:18:30 DEBUG] [secret:104][39m Done loading secrets
[36m[2025-11-07 17:18:30 DEBUG] [configuration:161][39m Loading dynamic configuration...
[36m[2025-11-07 17:18:30 DEBUG] [exit:91][39m System 'Windows-10-10.0.26100-SP0' does not expose SIGUSR signals
[32m[2025-11-07 17:18:30 INFO] [run:440][39m Running experiment: Kill Backend Pod to Test Resilience
[36m[2025-11-07 17:18:30 DEBUG] [__init__:67][39m Initializing controls
[32m[2025-11-07 17:18:30 INFO] [run:471][39m Steady-state strategy: default
[32m[2025-11-07 17:18:30 INFO] [run:477][39m Rollbacks strategy: default
[36m[2025-11-07 17:18:30 DEBUG] [__init__:472][39m No controls to apply on 'experiment'
[36m[2025-11-07 17:18:30 DEBUG] [run:654][39m Running steady-state hypothesis before the method
[32m[2025-11-07 17:18:30 INFO] [hypothesis:205][39m Steady state hypothesis: Backend should be reachable and healthy before experiment
[36m[2025-11-07 17:18:30 DEBUG] [__init__:472][39m No controls to apply on 'hypothesis'
[36m[2025-11-07 17:18:30 DEBUG] [__init__:472][39m No controls to apply on 'activity'
[32m[2025-11-07 17:18:30 INFO] [activity:232][39m Probe: backend-healthy
[36m[2025-11-07 17:18:39 DEBUG] [activity:317][39m Activity failed
    Traceback (most recent call last):
      File "C:\Users\Akshay\AppData\Local\Packages\PythonSoftwareFoundation.Python.3.11_qbz5n2kfra8p0\LocalCache\local-packages\Python311\site-packages\urllib3\connection.py", line 198, in _new_conn
        sock = connection.create_connection(
               ^^^^^^^^^^^^^^^^^^^^^^^^^^^^^
      File "C:\Users\Akshay\AppData\Local\Packages\PythonSoftwareFoundation.Python.3.11_qbz5n2kfra8p0\LocalCache\local-packages\Python311\site-packages\urllib3\util\connection.py", line 60, in create_connection
        for res in socket.getaddrinfo(host, port, family, socket.SOCK_STREAM):
                   ^^^^^^^^^^^^^^^^^^^^^^^^^^^^^^^^^^^^^^^^^^^^^^^^^^^^^^^^^^
      File "C:\Program Files\WindowsApps\PythonSoftwareFoundation.Python.3.11_3.11.2544.0_x64__qbz5n2kfra8p0\Lib\socket.py", line 962, in getaddrinfo
        for res in _socket.getaddrinfo(host, port, family, type, proto, flags):
                   ^^^^^^^^^^^^^^^^^^^^^^^^^^^^^^^^^^^^^^^^^^^^^^^^^^^^^^^^^^^
    socket.gaierror: [Errno 11001] getaddrinfo failed
    
    The above exception was the direct cause of the following exception:
    
    Traceback (most recent call last):
      File "C:\Users\Akshay\AppData\Local\Packages\PythonSoftwareFoundation.Python.3.11_qbz5n2kfra8p0\LocalCache\local-packages\Python311\site-packages\urllib3\connectionpool.py", line 787, in urlopen
        response = self._make_request(
                   ^^^^^^^^^^^^^^^^^^^
      File "C:\Users\Akshay\AppData\Local\Packages\PythonSoftwareFoundation.Python.3.11_qbz5n2kfra8p0\LocalCache\local-packages\Python311\site-packages\urllib3\connectionpool.py", line 493, in _make_request
        conn.request(
      File "C:\Users\Akshay\AppData\Local\Packages\PythonSoftwareFoundation.Python.3.11_qbz5n2kfra8p0\LocalCache\local-packages\Python311\site-packages\urllib3\connection.py", line 445, in request
        self.endheaders()
      File "C:\Program Files\WindowsApps\PythonSoftwareFoundation.Python.3.11_3.11.2544.0_x64__qbz5n2kfra8p0\Lib\http\client.py", line 1298, in endheaders
        self._send_output(message_body, encode_chunked=encode_chunked)
      File "C:\Program Files\WindowsApps\PythonSoftwareFoundation.Python.3.11_3.11.2544.0_x64__qbz5n2kfra8p0\Lib\http\client.py", line 1058, in _send_output
        self.send(msg)
      File "C:\Program Files\WindowsApps\PythonSoftwareFoundation.Python.3.11_3.11.2544.0_x64__qbz5n2kfra8p0\Lib\http\client.py", line 996, in send
        self.connect()
      File "C:\Users\Akshay\AppData\Local\Packages\PythonSoftwareFoundation.Python.3.11_qbz5n2kfra8p0\LocalCache\local-packages\Python311\site-packages\urllib3\connection.py", line 276, in connect
        self.sock = self._new_conn()
                    ^^^^^^^^^^^^^^^^
      File "C:\Users\Akshay\AppData\Local\Packages\PythonSoftwareFoundation.Python.3.11_qbz5n2kfra8p0\LocalCache\local-packages\Python311\site-packages\urllib3\connection.py", line 205, in _new_conn
        raise NameResolutionError(self.host, self, e) from e
    urllib3.exceptions.NameResolutionError: <urllib3.connection.HTTPConnection object at 0x000001F31BC2BE50>: Failed to resolve 'resilient-backend' ([Errno 11001] getaddrinfo failed)
    
    The above exception was the direct cause of the following exception:
    
    Traceback (most recent call last):
      File "C:\Users\Akshay\AppData\Local\Packages\PythonSoftwareFoundation.Python.3.11_qbz5n2kfra8p0\LocalCache\local-packages\Python311\site-packages\requests\adapters.py", line 486, in send
        resp = conn.urlopen(
               ^^^^^^^^^^^^^
      File "C:\Users\Akshay\AppData\Local\Packages\PythonSoftwareFoundation.Python.3.11_qbz5n2kfra8p0\LocalCache\local-packages\Python311\site-packages\urllib3\connectionpool.py", line 841, in urlopen
        retries = retries.increment(
                  ^^^^^^^^^^^^^^^^^^
      File "C:\Users\Akshay\AppData\Local\Packages\PythonSoftwareFoundation.Python.3.11_qbz5n2kfra8p0\LocalCache\local-packages\Python311\site-packages\urllib3\util\retry.py", line 519, in increment
        raise MaxRetryError(_pool, url, reason) from reason  # type: ignore[arg-type]
        ^^^^^^^^^^^^^^^^^^^^^^^^^^^^^^^^^^^^^^^^^^^^^^^^^^^
    urllib3.exceptions.MaxRetryError: HTTPConnectionPool(host='resilient-backend', port=5000): Max retries exceeded with url: /account/123 (Caused by NameResolutionError("<urllib3.connection.HTTPConnection object at 0x000001F31BC2BE50>: Failed to resolve 'resilient-backend' ([Errno 11001] getaddrinfo failed)"))
    
    During handling of the above exception, another exception occurred:
    
    Traceback (most recent call last):
      File "C:\Users\Akshay\AppData\Local\Packages\PythonSoftwareFoundation.Python.3.11_qbz5n2kfra8p0\LocalCache\local-packages\Python311\site-packages\chaoslib\provider\http.py", line 51, in run_http_activity
        r = s.get(
            ^^^^^^
      File "C:\Users\Akshay\AppData\Local\Packages\PythonSoftwareFoundation.Python.3.11_qbz5n2kfra8p0\LocalCache\local-packages\Python311\site-packages\requests\sessions.py", line 602, in get
        return self.request("GET", url, **kwargs)
               ^^^^^^^^^^^^^^^^^^^^^^^^^^^^^^^^^^
      File "C:\Users\Akshay\AppData\Local\Packages\PythonSoftwareFoundation.Python.3.11_qbz5n2kfra8p0\LocalCache\local-packages\Python311\site-packages\requests\sessions.py", line 589, in request
        resp = self.send(prep, **send_kwargs)
               ^^^^^^^^^^^^^^^^^^^^^^^^^^^^^^
      File "C:\Users\Akshay\AppData\Local\Packages\PythonSoftwareFoundation.Python.3.11_qbz5n2kfra8p0\LocalCache\local-packages\Python311\site-packages\requests\sessions.py", line 703, in send
        r = adapter.send(request, **kwargs)
            ^^^^^^^^^^^^^^^^^^^^^^^^^^^^^^^
      File "C:\Users\Akshay\AppData\Local\Packages\PythonSoftwareFoundation.Python.3.11_qbz5n2kfra8p0\LocalCache\local-packages\Python311\site-packages\requests\adapters.py", line 519, in send
        raise ConnectionError(e, request=request)
    requests.exceptions.ConnectionError: HTTPConnectionPool(host='resilient-backend', port=5000): Max retries exceeded with url: /account/123 (Caused by NameResolutionError("<urllib3.connection.HTTPConnection object at 0x000001F31BC2BE50>: Failed to resolve 'resilient-backend' ([Errno 11001] getaddrinfo failed)"))
    
    During handling of the above exception, another exception occurred:
    
    Traceback (most recent call last):
      File "C:\Users\Akshay\AppData\Local\Packages\PythonSoftwareFoundation.Python.3.11_qbz5n2kfra8p0\LocalCache\local-packages\Python311\site-packages\chaoslib\activity.py", line 314, in run_activity
        result = run_http_activity(activity, configuration, secrets)
                 ^^^^^^^^^^^^^^^^^^^^^^^^^^^^^^^^^^^^^^^^^^^^^^^^^^^
      File "C:\Users\Akshay\AppData\Local\Packages\PythonSoftwareFoundation.Python.3.11_qbz5n2kfra8p0\LocalCache\local-packages\Python311\site-packages\chaoslib\provider\http.py", line 101, in run_http_activity
        raise ActivityFailed(f"failed to connect to {url}: {str(cex)}")
    chaoslib.exceptions.ActivityFailed: failed to connect to http://resilient-backend:5000/account/123: HTTPConnectionPool(host='resilient-backend', port=5000): Max retries exceeded with url: /account/123 (Caused by NameResolutionError("<urllib3.connection.HTTPConnection object at 0x000001F31BC2BE50>: Failed to resolve 'resilient-backend' ([Errno 11001] getaddrinfo failed)"))
[31m[2025-11-07 17:18:39 ERROR] [activity:268][39m   => failed: failed to connect to http://resilient-backend:5000/account/123: HTTPConnectionPool(host='resilient-backend', port=5000): Max retries exceeded with url: /account/123 (Caused by NameResolutionError("<urllib3.connection.HTTPConnection object at 0x000001F31BC2BE50>: Failed to resolve 'resilient-backend' ([Errno 11001] getaddrinfo failed)"))
[36m[2025-11-07 17:18:39 DEBUG] [__init__:472][39m No controls to apply on 'activity'
[33m[2025-11-07 17:18:39 WARNING] [hypothesis:232][39m Probe terminated unexpectedly, so its tolerance could not be validated
[36m[2025-11-07 17:18:39 DEBUG] [__init__:472][39m No controls to apply on 'hypothesis'
[31m[2025-11-07 17:18:39 CRITICAL] [run:674][39m Steady state probe 'backend-healthy' is not in the given tolerance so failing this experiment
[32m[2025-11-07 17:18:39 INFO] [run:598][39m Experiment ended with status: failed
[36m[2025-11-07 17:18:39 DEBUG] [__init__:472][39m No controls to apply on 'experiment'
[36m[2025-11-07 17:18:39 DEBUG] [__init__:106][39m Cleaning up controls
[36m[2025-11-07 17:18:39 DEBUG] [caching:42][39m Clearing activities cache
[36m[2025-11-07 17:22:17 DEBUG] [__init__:101][39m ###############################################################################
[36m[2025-11-07 17:22:17 DEBUG] [__init__:102][39m Running command 'run'
[36m[2025-11-07 17:22:17 DEBUG] [__init__:106][39m Using settings file 'C:\Users\Akshay\.chaostoolkit\settings.yaml'
[36m[2025-11-07 17:22:18 DEBUG] [settings:31][39m The Chaos Toolkit settings file could not be found at 'C:\Users\Akshay\.chaostoolkit\settings.yaml'.
[36m[2025-11-07 17:22:18 DEBUG] [__init__:472][39m No controls to apply on 'loader'
[36m[2025-11-07 17:22:18 DEBUG] [__init__:472][39m No controls to apply on 'loader'
[36m[2025-11-07 17:22:18 DEBUG] [caching:24][39m Building activity cache...
[36m[2025-11-07 17:22:18 DEBUG] [caching:35][39m Cached 3 activities
[32m[2025-11-07 17:22:18 INFO] [experiment:59][39m Validating the experiment's syntax
[36m[2025-11-07 17:22:18 DEBUG] [configuration:64][39m Loading configuration...
[36m[2025-11-07 17:22:18 DEBUG] [secret:79][39m Loading secrets...
[36m[2025-11-07 17:22:18 DEBUG] [secret:104][39m Done loading secrets
[32m[2025-11-07 17:22:19 INFO] [experiment:112][39m Experiment looks valid
[36m[2025-11-07 17:22:19 DEBUG] [caching:42][39m Clearing activities cache
[36m[2025-11-07 17:22:19 DEBUG] [run:224][39m Runtime strategies: hypothesis - default / rollbacks - default
[36m[2025-11-07 17:22:19 DEBUG] [caching:24][39m Building activity cache...
[36m[2025-11-07 17:22:19 DEBUG] [caching:35][39m Cached 3 activities
[36m[2025-11-07 17:22:19 DEBUG] [configuration:64][39m Loading configuration...
[36m[2025-11-07 17:22:19 DEBUG] [secret:79][39m Loading secrets...
[36m[2025-11-07 17:22:19 DEBUG] [secret:104][39m Done loading secrets
[36m[2025-11-07 17:22:19 DEBUG] [configuration:161][39m Loading dynamic configuration...
[36m[2025-11-07 17:22:19 DEBUG] [exit:91][39m System 'Windows-10-10.0.26100-SP0' does not expose SIGUSR signals
[32m[2025-11-07 17:22:19 INFO] [run:440][39m Running experiment: Kill Backend Pod to Test Resilience
[36m[2025-11-07 17:22:19 DEBUG] [__init__:67][39m Initializing controls
[32m[2025-11-07 17:22:19 INFO] [run:471][39m Steady-state strategy: default
[32m[2025-11-07 17:22:19 INFO] [run:477][39m Rollbacks strategy: default
[36m[2025-11-07 17:22:19 DEBUG] [__init__:472][39m No controls to apply on 'experiment'
[36m[2025-11-07 17:22:19 DEBUG] [run:654][39m Running steady-state hypothesis before the method
[32m[2025-11-07 17:22:19 INFO] [hypothesis:205][39m Steady state hypothesis: Backend should be reachable and healthy before experiment
[36m[2025-11-07 17:22:19 DEBUG] [__init__:472][39m No controls to apply on 'hypothesis'
[36m[2025-11-07 17:22:19 DEBUG] [__init__:472][39m No controls to apply on 'activity'
[32m[2025-11-07 17:22:19 INFO] [activity:232][39m Probe: backend-healthy
[36m[2025-11-07 17:22:19 DEBUG] [activity:260][39m   => succeeded with '{'status': 500, 'headers': {'Server': 'Werkzeug/3.1.3 Python/3.11.14', 'Date': 'Fri, 07 Nov 2025 17:22:19 GMT', 'Content-Type': 'application/json', 'Content-Length': '38', 'Connection': 'close'}, 'body': {'error': 'Temporary backend failure'}}'
[36m[2025-11-07 17:22:19 DEBUG] [__init__:472][39m No controls to apply on 'activity'
[36m[2025-11-07 17:22:19 DEBUG] [hypothesis:247][39m allowed tolerance is True
[36m[2025-11-07 17:22:19 DEBUG] [__init__:472][39m No controls to apply on 'hypothesis'
[31m[2025-11-07 17:22:19 CRITICAL] [run:674][39m Steady state probe 'backend-healthy' is not in the given tolerance so failing this experiment
[32m[2025-11-07 17:22:19 INFO] [run:1072][39m Let's rollback...
[36m[2025-11-07 17:22:19 DEBUG] [__init__:472][39m No controls to apply on 'rollback'
[32m[2025-11-07 17:22:19 INFO] [rollback:36][39m Rollback: recover-backend
[36m[2025-11-07 17:22:19 DEBUG] [__init__:472][39m No controls to apply on 'activity'
[32m[2025-11-07 17:22:19 INFO] [activity:232][39m Action: recover-backend
[36m[2025-11-07 17:22:19 DEBUG] [python:33][39m Activity 'recover-backend' loaded from 'C:\Users\Akshay\AppData\Local\Packages\PythonSoftwareFoundation.Python.3.11_qbz5n2kfra8p0\LocalCache\local-packages\Python311\site-packages\chaosk8s\deployment\actions.py'
[36m[2025-11-07 17:22:19 DEBUG] [__init__:79][39m Using Kubernetes context 'default' from config 'C:\Users\Akshay/.kube/config'
[36m[2025-11-07 17:22:19 DEBUG] [activity:262][39m   => succeeded without any result value
[36m[2025-11-07 17:22:19 DEBUG] [__init__:472][39m No controls to apply on 'activity'
[36m[2025-11-07 17:22:19 DEBUG] [__init__:472][39m No controls to apply on 'rollback'
[32m[2025-11-07 17:22:19 INFO] [run:598][39m Experiment ended with status: completed
[36m[2025-11-07 17:22:19 DEBUG] [__init__:472][39m No controls to apply on 'experiment'
[36m[2025-11-07 17:22:19 DEBUG] [__init__:106][39m Cleaning up controls
[36m[2025-11-07 17:22:19 DEBUG] [caching:42][39m Clearing activities cache
[36m[2025-11-07 17:26:12 DEBUG] [__init__:101][39m ###############################################################################
[36m[2025-11-07 17:26:12 DEBUG] [__init__:102][39m Running command 'run'
[36m[2025-11-07 17:26:12 DEBUG] [__init__:106][39m Using settings file 'C:\Users\Akshay\.chaostoolkit\settings.yaml'
[36m[2025-11-07 17:26:12 DEBUG] [settings:31][39m The Chaos Toolkit settings file could not be found at 'C:\Users\Akshay\.chaostoolkit\settings.yaml'.
[36m[2025-11-07 17:26:12 DEBUG] [__init__:472][39m No controls to apply on 'loader'
[36m[2025-11-07 17:26:12 DEBUG] [__init__:472][39m No controls to apply on 'loader'
[36m[2025-11-07 17:26:12 DEBUG] [caching:24][39m Building activity cache...
[36m[2025-11-07 17:26:12 DEBUG] [caching:35][39m Cached 2 activities
[32m[2025-11-07 17:26:12 INFO] [experiment:59][39m Validating the experiment's syntax
[36m[2025-11-07 17:26:12 DEBUG] [configuration:64][39m Loading configuration...
[36m[2025-11-07 17:26:12 DEBUG] [secret:79][39m Loading secrets...
[36m[2025-11-07 17:26:12 DEBUG] [secret:104][39m Done loading secrets
[36m[2025-11-07 17:26:13 DEBUG] [caching:42][39m Clearing activities cache
[31m[2025-11-07 17:26:13 ERROR] [run:188][39m The python module 'chaosk8s.pod.actions' does not expose a function called 'create_pod' in action 'recover-backend'
[36m[2025-11-07 17:26:13 DEBUG] [run:189][39m The python module 'chaosk8s.pod.actions' does not expose a function called 'create_pod' in action 'recover-backend'
[36m[2025-11-07 17:26:22 DEBUG] [__init__:101][39m ###############################################################################
[36m[2025-11-07 17:26:22 DEBUG] [__init__:102][39m Running command 'run'
[36m[2025-11-07 17:26:22 DEBUG] [__init__:106][39m Using settings file 'C:\Users\Akshay\.chaostoolkit\settings.yaml'
[36m[2025-11-07 17:26:22 DEBUG] [settings:31][39m The Chaos Toolkit settings file could not be found at 'C:\Users\Akshay\.chaostoolkit\settings.yaml'.
[36m[2025-11-07 17:26:22 DEBUG] [__init__:472][39m No controls to apply on 'loader'
[36m[2025-11-07 17:26:22 DEBUG] [__init__:472][39m No controls to apply on 'loader'
[36m[2025-11-07 17:26:22 DEBUG] [caching:24][39m Building activity cache...
[36m[2025-11-07 17:26:22 DEBUG] [caching:35][39m Cached 2 activities
[32m[2025-11-07 17:26:22 INFO] [experiment:59][39m Validating the experiment's syntax
[36m[2025-11-07 17:26:22 DEBUG] [configuration:64][39m Loading configuration...
[36m[2025-11-07 17:26:22 DEBUG] [secret:79][39m Loading secrets...
[36m[2025-11-07 17:26:22 DEBUG] [secret:104][39m Done loading secrets
[36m[2025-11-07 17:26:23 DEBUG] [caching:42][39m Clearing activities cache
[31m[2025-11-07 17:26:23 ERROR] [run:188][39m The python module 'chaosk8s.pod.actions' does not expose a function called 'create_pod' in action 'recover-backend'
[36m[2025-11-07 17:26:23 DEBUG] [run:189][39m The python module 'chaosk8s.pod.actions' does not expose a function called 'create_pod' in action 'recover-backend'
[36m[2025-11-07 17:27:51 DEBUG] [__init__:101][39m ###############################################################################
[36m[2025-11-07 17:27:51 DEBUG] [__init__:102][39m Running command 'run'
[36m[2025-11-07 17:27:51 DEBUG] [__init__:106][39m Using settings file 'C:\Users\Akshay\.chaostoolkit\settings.yaml'
[36m[2025-11-07 17:27:51 DEBUG] [settings:31][39m The Chaos Toolkit settings file could not be found at 'C:\Users\Akshay\.chaostoolkit\settings.yaml'.
[36m[2025-11-07 17:27:51 DEBUG] [__init__:472][39m No controls to apply on 'loader'
[36m[2025-11-07 17:27:51 DEBUG] [__init__:472][39m No controls to apply on 'loader'
[36m[2025-11-07 17:27:51 DEBUG] [caching:24][39m Building activity cache...
[36m[2025-11-07 17:27:51 DEBUG] [caching:35][39m Cached 2 activities
[32m[2025-11-07 17:27:51 INFO] [experiment:59][39m Validating the experiment's syntax
[36m[2025-11-07 17:27:51 DEBUG] [configuration:64][39m Loading configuration...
[36m[2025-11-07 17:27:51 DEBUG] [secret:79][39m Loading secrets...
[36m[2025-11-07 17:27:51 DEBUG] [secret:104][39m Done loading secrets
[36m[2025-11-07 17:27:52 DEBUG] [caching:42][39m Clearing activities cache
[31m[2025-11-07 17:27:52 ERROR] [run:188][39m The python module 'chaosk8s.pod.actions' does not expose a function called 'kill_pods' in action 'kill-backend'
[36m[2025-11-07 17:27:52 DEBUG] [run:189][39m The python module 'chaosk8s.pod.actions' does not expose a function called 'kill_pods' in action 'kill-backend'
[36m[2025-11-07 17:29:06 DEBUG] [__init__:101][39m ###############################################################################
[36m[2025-11-07 17:29:06 DEBUG] [__init__:102][39m Running command 'run'
[36m[2025-11-07 17:29:06 DEBUG] [__init__:106][39m Using settings file 'C:\Users\Akshay\.chaostoolkit\settings.yaml'
[36m[2025-11-07 17:29:07 DEBUG] [settings:31][39m The Chaos Toolkit settings file could not be found at 'C:\Users\Akshay\.chaostoolkit\settings.yaml'.
[36m[2025-11-07 17:29:07 DEBUG] [__init__:472][39m No controls to apply on 'loader'
[36m[2025-11-07 17:29:07 DEBUG] [__init__:472][39m No controls to apply on 'loader'
[36m[2025-11-07 17:29:07 DEBUG] [caching:24][39m Building activity cache...
[36m[2025-11-07 17:29:07 DEBUG] [caching:35][39m Cached 2 activities
[32m[2025-11-07 17:29:07 INFO] [experiment:59][39m Validating the experiment's syntax
[36m[2025-11-07 17:29:07 DEBUG] [configuration:64][39m Loading configuration...
[36m[2025-11-07 17:29:07 DEBUG] [secret:79][39m Loading secrets...
[36m[2025-11-07 17:29:07 DEBUG] [secret:104][39m Done loading secrets
[32m[2025-11-07 17:29:07 INFO] [experiment:112][39m Experiment looks valid
[36m[2025-11-07 17:29:07 DEBUG] [caching:42][39m Clearing activities cache
[36m[2025-11-07 17:29:07 DEBUG] [run:224][39m Runtime strategies: hypothesis - default / rollbacks - default
[36m[2025-11-07 17:29:07 DEBUG] [caching:24][39m Building activity cache...
[36m[2025-11-07 17:29:07 DEBUG] [caching:35][39m Cached 2 activities
[36m[2025-11-07 17:29:07 DEBUG] [configuration:64][39m Loading configuration...
[36m[2025-11-07 17:29:07 DEBUG] [secret:79][39m Loading secrets...
[36m[2025-11-07 17:29:07 DEBUG] [secret:104][39m Done loading secrets
[36m[2025-11-07 17:29:07 DEBUG] [configuration:161][39m Loading dynamic configuration...
[36m[2025-11-07 17:29:07 DEBUG] [exit:91][39m System 'Windows-10-10.0.26100-SP0' does not expose SIGUSR signals
[32m[2025-11-07 17:29:07 INFO] [run:440][39m Running experiment: Kill Backend Pod to Test Resilience
[36m[2025-11-07 17:29:07 DEBUG] [__init__:67][39m Initializing controls
[32m[2025-11-07 17:29:07 INFO] [run:471][39m Steady-state strategy: default
[32m[2025-11-07 17:29:07 INFO] [run:477][39m Rollbacks strategy: default
[36m[2025-11-07 17:29:07 DEBUG] [__init__:472][39m No controls to apply on 'experiment'
[36m[2025-11-07 17:29:07 DEBUG] [run:654][39m Running steady-state hypothesis before the method
[32m[2025-11-07 17:29:07 INFO] [hypothesis:205][39m Steady state hypothesis: Backend should be reachable and healthy before experiment
[36m[2025-11-07 17:29:07 DEBUG] [__init__:472][39m No controls to apply on 'hypothesis'
[36m[2025-11-07 17:29:07 DEBUG] [__init__:472][39m No controls to apply on 'activity'
[32m[2025-11-07 17:29:07 INFO] [activity:232][39m Probe: backend-healthy
[36m[2025-11-07 17:29:07 DEBUG] [activity:260][39m   => succeeded with '{'status': 404, 'headers': {'Server': 'Werkzeug/3.1.3 Python/3.11.14', 'Date': 'Fri, 07 Nov 2025 17:29:07 GMT', 'Content-Type': 'text/html; charset=utf-8', 'Content-Length': '207', 'Connection': 'close'}, 'body': '<!doctype html>\n<html lang=en>\n<title>404 Not Found</title>\n<h1>Not Found</h1>\n<p>The requested URL was not found on the server. If you entered the URL manually please check your spelling and try again.</p>\n'}'
[36m[2025-11-07 17:29:07 DEBUG] [__init__:472][39m No controls to apply on 'activity'
[36m[2025-11-07 17:29:07 DEBUG] [hypothesis:247][39m allowed tolerance is 200
[36m[2025-11-07 17:29:07 DEBUG] [__init__:472][39m No controls to apply on 'hypothesis'
[31m[2025-11-07 17:29:07 CRITICAL] [run:674][39m Steady state probe 'backend-healthy' is not in the given tolerance so failing this experiment
[32m[2025-11-07 17:29:07 INFO] [run:1072][39m Let's rollback...
[36m[2025-11-07 17:29:07 DEBUG] [__init__:472][39m No controls to apply on 'rollback'
[32m[2025-11-07 17:29:07 INFO] [rollback:36][39m Rollback: recover-backend
[36m[2025-11-07 17:29:07 DEBUG] [__init__:472][39m No controls to apply on 'activity'
[32m[2025-11-07 17:29:07 INFO] [activity:232][39m Action: recover-backend
[36m[2025-11-07 17:29:07 DEBUG] [process:52][39m Running: C:\ProgramData\chocolatey\bin\kubectl.EXE apply -f k8s/resilient/backend-deployment.yaml -n default
[36m[2025-11-07 17:29:08 DEBUG] [activity:260][39m   => succeeded with '{'status': 0, 'stdout': 'deployment.apps/resilient-backend unchanged\n', 'stderr': ''}'
[36m[2025-11-07 17:29:08 DEBUG] [__init__:472][39m No controls to apply on 'activity'
[36m[2025-11-07 17:29:08 DEBUG] [__init__:472][39m No controls to apply on 'rollback'
[32m[2025-11-07 17:29:08 INFO] [run:598][39m Experiment ended with status: completed
[36m[2025-11-07 17:29:08 DEBUG] [__init__:472][39m No controls to apply on 'experiment'
[36m[2025-11-07 17:29:08 DEBUG] [__init__:106][39m Cleaning up controls
[36m[2025-11-07 17:29:08 DEBUG] [caching:42][39m Clearing activities cache
[36m[2025-11-07 18:21:30 DEBUG] [__init__:101][39m ###############################################################################
[36m[2025-11-07 18:21:30 DEBUG] [__init__:102][39m Running command 'run'
[36m[2025-11-07 18:21:30 DEBUG] [__init__:106][39m Using settings file 'C:\Users\Akshay\.chaostoolkit\settings.yaml'
[36m[2025-11-07 18:21:31 DEBUG] [settings:31][39m The Chaos Toolkit settings file could not be found at 'C:\Users\Akshay\.chaostoolkit\settings.yaml'.
[36m[2025-11-07 18:21:31 DEBUG] [__init__:472][39m No controls to apply on 'loader'
[36m[2025-11-07 18:21:31 DEBUG] [__init__:472][39m No controls to apply on 'loader'
[36m[2025-11-07 18:21:31 DEBUG] [caching:24][39m Building activity cache...
[36m[2025-11-07 18:21:31 DEBUG] [caching:35][39m Cached 2 activities
[32m[2025-11-07 18:21:31 INFO] [experiment:59][39m Validating the experiment's syntax
[36m[2025-11-07 18:21:31 DEBUG] [configuration:64][39m Loading configuration...
[36m[2025-11-07 18:21:31 DEBUG] [secret:79][39m Loading secrets...
[36m[2025-11-07 18:21:31 DEBUG] [secret:104][39m Done loading secrets
[32m[2025-11-07 18:21:31 INFO] [experiment:112][39m Experiment looks valid
[36m[2025-11-07 18:21:31 DEBUG] [caching:42][39m Clearing activities cache
[36m[2025-11-07 18:21:31 DEBUG] [run:224][39m Runtime strategies: hypothesis - default / rollbacks - default
[36m[2025-11-07 18:21:31 DEBUG] [caching:24][39m Building activity cache...
[36m[2025-11-07 18:21:31 DEBUG] [caching:35][39m Cached 2 activities
[36m[2025-11-07 18:21:31 DEBUG] [configuration:64][39m Loading configuration...
[36m[2025-11-07 18:21:31 DEBUG] [secret:79][39m Loading secrets...
[36m[2025-11-07 18:21:31 DEBUG] [secret:104][39m Done loading secrets
[36m[2025-11-07 18:21:31 DEBUG] [configuration:161][39m Loading dynamic configuration...
[36m[2025-11-07 18:21:31 DEBUG] [exit:91][39m System 'Windows-10-10.0.26100-SP0' does not expose SIGUSR signals
[32m[2025-11-07 18:21:31 INFO] [run:440][39m Running experiment: Kill Backend Pod to Test Resilience
[36m[2025-11-07 18:21:31 DEBUG] [__init__:67][39m Initializing controls
[32m[2025-11-07 18:21:31 INFO] [run:471][39m Steady-state strategy: default
[32m[2025-11-07 18:21:31 INFO] [run:477][39m Rollbacks strategy: default
[36m[2025-11-07 18:21:31 DEBUG] [__init__:472][39m No controls to apply on 'experiment'
[36m[2025-11-07 18:21:31 DEBUG] [run:654][39m Running steady-state hypothesis before the method
[32m[2025-11-07 18:21:31 INFO] [hypothesis:205][39m Steady state hypothesis: Backend should be reachable and healthy before experiment
[36m[2025-11-07 18:21:31 DEBUG] [__init__:472][39m No controls to apply on 'hypothesis'
[36m[2025-11-07 18:21:31 DEBUG] [__init__:472][39m No controls to apply on 'activity'
[32m[2025-11-07 18:21:31 INFO] [activity:232][39m Probe: backend-healthy
[36m[2025-11-07 18:21:31 DEBUG] [activity:260][39m   => succeeded with '{'status': 404, 'headers': {'Server': 'Werkzeug/3.1.3 Python/3.11.14', 'Date': 'Fri, 07 Nov 2025 18:21:31 GMT', 'Content-Type': 'text/html; charset=utf-8', 'Content-Length': '207', 'Connection': 'close'}, 'body': '<!doctype html>\n<html lang=en>\n<title>404 Not Found</title>\n<h1>Not Found</h1>\n<p>The requested URL was not found on the server. If you entered the URL manually please check your spelling and try again.</p>\n'}'
[36m[2025-11-07 18:21:31 DEBUG] [__init__:472][39m No controls to apply on 'activity'
[36m[2025-11-07 18:21:31 DEBUG] [hypothesis:247][39m allowed tolerance is 200
[36m[2025-11-07 18:21:31 DEBUG] [__init__:472][39m No controls to apply on 'hypothesis'
[31m[2025-11-07 18:21:31 CRITICAL] [run:674][39m Steady state probe 'backend-healthy' is not in the given tolerance so failing this experiment
[32m[2025-11-07 18:21:31 INFO] [run:1072][39m Let's rollback...
[36m[2025-11-07 18:21:31 DEBUG] [__init__:472][39m No controls to apply on 'rollback'
[32m[2025-11-07 18:21:31 INFO] [rollback:36][39m Rollback: recover-backend
[36m[2025-11-07 18:21:31 DEBUG] [__init__:472][39m No controls to apply on 'activity'
[32m[2025-11-07 18:21:31 INFO] [activity:232][39m Action: recover-backend
[36m[2025-11-07 18:21:31 DEBUG] [process:52][39m Running: C:\ProgramData\chocolatey\bin\kubectl.EXE apply -f k8s/resilient/backend-deployment.yaml -n default
[36m[2025-11-07 18:21:31 DEBUG] [activity:260][39m   => succeeded with '{'status': 0, 'stdout': 'deployment.apps/resilient-backend unchanged\n', 'stderr': ''}'
[36m[2025-11-07 18:21:31 DEBUG] [__init__:472][39m No controls to apply on 'activity'
[36m[2025-11-07 18:21:31 DEBUG] [__init__:472][39m No controls to apply on 'rollback'
[32m[2025-11-07 18:21:31 INFO] [run:598][39m Experiment ended with status: completed
[36m[2025-11-07 18:21:31 DEBUG] [__init__:472][39m No controls to apply on 'experiment'
[36m[2025-11-07 18:21:31 DEBUG] [__init__:106][39m Cleaning up controls
[36m[2025-11-07 18:21:31 DEBUG] [caching:42][39m Clearing activities cache
[36m[2025-11-07 18:47:30 DEBUG] [__init__:101][39m ###############################################################################
[36m[2025-11-07 18:47:30 DEBUG] [__init__:102][39m Running command 'run'
[36m[2025-11-07 18:47:30 DEBUG] [__init__:106][39m Using settings file 'C:\Users\Akshay\.chaostoolkit\settings.yaml'
[36m[2025-11-07 18:47:31 DEBUG] [settings:31][39m The Chaos Toolkit settings file could not be found at 'C:\Users\Akshay\.chaostoolkit\settings.yaml'.
[36m[2025-11-07 18:47:31 DEBUG] [__init__:472][39m No controls to apply on 'loader'
[36m[2025-11-07 18:47:31 DEBUG] [__init__:472][39m No controls to apply on 'loader'
[36m[2025-11-07 18:47:31 DEBUG] [caching:24][39m Building activity cache...
[36m[2025-11-07 18:47:31 DEBUG] [caching:35][39m Cached 2 activities
[32m[2025-11-07 18:47:31 INFO] [experiment:59][39m Validating the experiment's syntax
[36m[2025-11-07 18:47:31 DEBUG] [configuration:64][39m Loading configuration...
[36m[2025-11-07 18:47:31 DEBUG] [secret:79][39m Loading secrets...
[36m[2025-11-07 18:47:31 DEBUG] [secret:104][39m Done loading secrets
[32m[2025-11-07 18:47:31 INFO] [experiment:112][39m Experiment looks valid
[36m[2025-11-07 18:47:31 DEBUG] [caching:42][39m Clearing activities cache
[36m[2025-11-07 18:47:31 DEBUG] [run:224][39m Runtime strategies: hypothesis - default / rollbacks - default
[36m[2025-11-07 18:47:31 DEBUG] [caching:24][39m Building activity cache...
[36m[2025-11-07 18:47:31 DEBUG] [caching:35][39m Cached 2 activities
[36m[2025-11-07 18:47:31 DEBUG] [configuration:64][39m Loading configuration...
[36m[2025-11-07 18:47:31 DEBUG] [secret:79][39m Loading secrets...
[36m[2025-11-07 18:47:31 DEBUG] [secret:104][39m Done loading secrets
[36m[2025-11-07 18:47:31 DEBUG] [configuration:161][39m Loading dynamic configuration...
[36m[2025-11-07 18:47:31 DEBUG] [exit:91][39m System 'Windows-10-10.0.26100-SP0' does not expose SIGUSR signals
[32m[2025-11-07 18:47:31 INFO] [run:440][39m Running experiment: Kill Backend Pod to Test Resilience
[36m[2025-11-07 18:47:31 DEBUG] [__init__:67][39m Initializing controls
[32m[2025-11-07 18:47:31 INFO] [run:471][39m Steady-state strategy: default
[32m[2025-11-07 18:47:31 INFO] [run:477][39m Rollbacks strategy: default
[36m[2025-11-07 18:47:31 DEBUG] [__init__:472][39m No controls to apply on 'experiment'
[36m[2025-11-07 18:47:31 DEBUG] [run:654][39m Running steady-state hypothesis before the method
[32m[2025-11-07 18:47:31 INFO] [hypothesis:205][39m Steady state hypothesis: Backend should be reachable and healthy before experiment
[36m[2025-11-07 18:47:31 DEBUG] [__init__:472][39m No controls to apply on 'hypothesis'
[36m[2025-11-07 18:47:31 DEBUG] [__init__:472][39m No controls to apply on 'activity'
[32m[2025-11-07 18:47:31 INFO] [activity:232][39m Probe: backend-healthy
[36m[2025-11-07 18:47:31 DEBUG] [activity:260][39m   => succeeded with '{'status': 404, 'headers': {'Server': 'Werkzeug/3.1.3 Python/3.11.14', 'Date': 'Fri, 07 Nov 2025 18:47:31 GMT', 'Content-Type': 'text/html; charset=utf-8', 'Content-Length': '207', 'Connection': 'close'}, 'body': '<!doctype html>\n<html lang=en>\n<title>404 Not Found</title>\n<h1>Not Found</h1>\n<p>The requested URL was not found on the server. If you entered the URL manually please check your spelling and try again.</p>\n'}'
[36m[2025-11-07 18:47:31 DEBUG] [__init__:472][39m No controls to apply on 'activity'
[36m[2025-11-07 18:47:31 DEBUG] [hypothesis:247][39m allowed tolerance is 200
[36m[2025-11-07 18:47:31 DEBUG] [__init__:472][39m No controls to apply on 'hypothesis'
[31m[2025-11-07 18:47:31 CRITICAL] [run:674][39m Steady state probe 'backend-healthy' is not in the given tolerance so failing this experiment
[32m[2025-11-07 18:47:31 INFO] [run:1072][39m Let's rollback...
[36m[2025-11-07 18:47:31 DEBUG] [__init__:472][39m No controls to apply on 'rollback'
[32m[2025-11-07 18:47:31 INFO] [rollback:36][39m Rollback: recover-backend
[36m[2025-11-07 18:47:31 DEBUG] [__init__:472][39m No controls to apply on 'activity'
[32m[2025-11-07 18:47:31 INFO] [activity:232][39m Action: recover-backend
[36m[2025-11-07 18:47:31 DEBUG] [process:52][39m Running: C:\ProgramData\chocolatey\bin\kubectl.EXE apply -f k8s/resilient/backend-deployment.yaml -n default
[36m[2025-11-07 18:47:31 DEBUG] [activity:260][39m   => succeeded with '{'status': 0, 'stdout': 'deployment.apps/resilient-backend unchanged\n', 'stderr': ''}'
[36m[2025-11-07 18:47:31 DEBUG] [__init__:472][39m No controls to apply on 'activity'
[36m[2025-11-07 18:47:31 DEBUG] [__init__:472][39m No controls to apply on 'rollback'
[32m[2025-11-07 18:47:31 INFO] [run:598][39m Experiment ended with status: completed
[36m[2025-11-07 18:47:31 DEBUG] [__init__:472][39m No controls to apply on 'experiment'
[36m[2025-11-07 18:47:31 DEBUG] [__init__:106][39m Cleaning up controls
[36m[2025-11-07 18:47:31 DEBUG] [caching:42][39m Clearing activities cache
[36m[2025-11-07 18:53:43 DEBUG] [__init__:101][39m ###############################################################################
[36m[2025-11-07 18:53:43 DEBUG] [__init__:102][39m Running command 'run'
[36m[2025-11-07 18:53:43 DEBUG] [__init__:106][39m Using settings file 'C:\Users\Akshay\.chaostoolkit\settings.yaml'
[36m[2025-11-07 18:53:44 DEBUG] [settings:31][39m The Chaos Toolkit settings file could not be found at 'C:\Users\Akshay\.chaostoolkit\settings.yaml'.
[36m[2025-11-07 18:53:44 DEBUG] [__init__:472][39m No controls to apply on 'loader'
[36m[2025-11-07 18:53:44 DEBUG] [__init__:472][39m No controls to apply on 'loader'
[36m[2025-11-07 18:53:44 DEBUG] [caching:24][39m Building activity cache...
[36m[2025-11-07 18:53:44 DEBUG] [caching:35][39m Cached 2 activities
[32m[2025-11-07 18:53:44 INFO] [experiment:59][39m Validating the experiment's syntax
[36m[2025-11-07 18:53:44 DEBUG] [configuration:64][39m Loading configuration...
[36m[2025-11-07 18:53:44 DEBUG] [secret:79][39m Loading secrets...
[36m[2025-11-07 18:53:44 DEBUG] [secret:104][39m Done loading secrets
[32m[2025-11-07 18:53:44 INFO] [experiment:112][39m Experiment looks valid
[36m[2025-11-07 18:53:44 DEBUG] [caching:42][39m Clearing activities cache
[36m[2025-11-07 18:53:44 DEBUG] [run:224][39m Runtime strategies: hypothesis - default / rollbacks - default
[36m[2025-11-07 18:53:44 DEBUG] [caching:24][39m Building activity cache...
[36m[2025-11-07 18:53:44 DEBUG] [caching:35][39m Cached 2 activities
[36m[2025-11-07 18:53:44 DEBUG] [configuration:64][39m Loading configuration...
[36m[2025-11-07 18:53:44 DEBUG] [secret:79][39m Loading secrets...
[36m[2025-11-07 18:53:44 DEBUG] [secret:104][39m Done loading secrets
[36m[2025-11-07 18:53:44 DEBUG] [configuration:161][39m Loading dynamic configuration...
[36m[2025-11-07 18:53:44 DEBUG] [exit:91][39m System 'Windows-10-10.0.26100-SP0' does not expose SIGUSR signals
[32m[2025-11-07 18:53:44 INFO] [run:440][39m Running experiment: Kill Backend Pod to Test Resilience
[36m[2025-11-07 18:53:44 DEBUG] [__init__:67][39m Initializing controls
[32m[2025-11-07 18:53:44 INFO] [run:471][39m Steady-state strategy: default
[32m[2025-11-07 18:53:44 INFO] [run:477][39m Rollbacks strategy: default
[36m[2025-11-07 18:53:44 DEBUG] [__init__:472][39m No controls to apply on 'experiment'
[36m[2025-11-07 18:53:44 DEBUG] [run:654][39m Running steady-state hypothesis before the method
[32m[2025-11-07 18:53:44 INFO] [hypothesis:205][39m Steady state hypothesis: Backend should be reachable and healthy before experiment
[36m[2025-11-07 18:53:44 DEBUG] [__init__:472][39m No controls to apply on 'hypothesis'
[36m[2025-11-07 18:53:44 DEBUG] [__init__:472][39m No controls to apply on 'activity'
[32m[2025-11-07 18:53:44 INFO] [activity:232][39m Probe: backend-healthy
[36m[2025-11-07 18:53:44 DEBUG] [activity:260][39m   => succeeded with '{'status': 404, 'headers': {'Server': 'Werkzeug/3.1.3 Python/3.11.14', 'Date': 'Fri, 07 Nov 2025 18:53:44 GMT', 'Content-Type': 'text/html; charset=utf-8', 'Content-Length': '207', 'Connection': 'close'}, 'body': '<!doctype html>\n<html lang=en>\n<title>404 Not Found</title>\n<h1>Not Found</h1>\n<p>The requested URL was not found on the server. If you entered the URL manually please check your spelling and try again.</p>\n'}'
[36m[2025-11-07 18:53:44 DEBUG] [__init__:472][39m No controls to apply on 'activity'
[36m[2025-11-07 18:53:44 DEBUG] [hypothesis:247][39m allowed tolerance is 200
[36m[2025-11-07 18:53:44 DEBUG] [__init__:472][39m No controls to apply on 'hypothesis'
[31m[2025-11-07 18:53:44 CRITICAL] [run:674][39m Steady state probe 'backend-healthy' is not in the given tolerance so failing this experiment
[32m[2025-11-07 18:53:44 INFO] [run:1072][39m Let's rollback...
[36m[2025-11-07 18:53:44 DEBUG] [__init__:472][39m No controls to apply on 'rollback'
[32m[2025-11-07 18:53:44 INFO] [rollback:36][39m Rollback: recover-backend
[36m[2025-11-07 18:53:44 DEBUG] [__init__:472][39m No controls to apply on 'activity'
[32m[2025-11-07 18:53:44 INFO] [activity:232][39m Action: recover-backend
[36m[2025-11-07 18:53:44 DEBUG] [process:52][39m Running: C:\ProgramData\chocolatey\bin\kubectl.EXE apply -f k8s/resilient/backend-deployment.yaml -n default
[36m[2025-11-07 18:53:44 DEBUG] [activity:260][39m   => succeeded with '{'status': 0, 'stdout': 'deployment.apps/resilient-backend unchanged\n', 'stderr': ''}'
[36m[2025-11-07 18:53:44 DEBUG] [__init__:472][39m No controls to apply on 'activity'
[36m[2025-11-07 18:53:44 DEBUG] [__init__:472][39m No controls to apply on 'rollback'
[32m[2025-11-07 18:53:44 INFO] [run:598][39m Experiment ended with status: completed
[36m[2025-11-07 18:53:44 DEBUG] [__init__:472][39m No controls to apply on 'experiment'
[36m[2025-11-07 18:53:44 DEBUG] [__init__:106][39m Cleaning up controls
[36m[2025-11-07 18:53:44 DEBUG] [caching:42][39m Clearing activities cache
[36m[2025-11-07 19:03:01 DEBUG] [__init__:101][39m ###############################################################################
[36m[2025-11-07 19:03:01 DEBUG] [__init__:102][39m Running command 'run'
[36m[2025-11-07 19:03:01 DEBUG] [__init__:106][39m Using settings file 'C:\Users\Akshay\.chaostoolkit\settings.yaml'
[36m[2025-11-07 19:03:01 DEBUG] [settings:31][39m The Chaos Toolkit settings file could not be found at 'C:\Users\Akshay\.chaostoolkit\settings.yaml'.
[36m[2025-11-07 19:03:01 DEBUG] [__init__:472][39m No controls to apply on 'loader'
[36m[2025-11-07 19:03:01 DEBUG] [__init__:472][39m No controls to apply on 'loader'
[36m[2025-11-07 19:03:01 DEBUG] [caching:24][39m Building activity cache...
[36m[2025-11-07 19:03:01 DEBUG] [caching:35][39m Cached 2 activities
[32m[2025-11-07 19:03:01 INFO] [experiment:59][39m Validating the experiment's syntax
[36m[2025-11-07 19:03:01 DEBUG] [configuration:64][39m Loading configuration...
[36m[2025-11-07 19:03:01 DEBUG] [secret:79][39m Loading secrets...
[36m[2025-11-07 19:03:01 DEBUG] [secret:104][39m Done loading secrets
[32m[2025-11-07 19:03:01 INFO] [experiment:112][39m Experiment looks valid
[36m[2025-11-07 19:03:01 DEBUG] [caching:42][39m Clearing activities cache
[36m[2025-11-07 19:03:01 DEBUG] [run:224][39m Runtime strategies: hypothesis - default / rollbacks - default
[36m[2025-11-07 19:03:01 DEBUG] [caching:24][39m Building activity cache...
[36m[2025-11-07 19:03:01 DEBUG] [caching:35][39m Cached 2 activities
[36m[2025-11-07 19:03:01 DEBUG] [configuration:64][39m Loading configuration...
[36m[2025-11-07 19:03:01 DEBUG] [secret:79][39m Loading secrets...
[36m[2025-11-07 19:03:01 DEBUG] [secret:104][39m Done loading secrets
[36m[2025-11-07 19:03:01 DEBUG] [configuration:161][39m Loading dynamic configuration...
[36m[2025-11-07 19:03:01 DEBUG] [exit:91][39m System 'Windows-10-10.0.26100-SP0' does not expose SIGUSR signals
[32m[2025-11-07 19:03:01 INFO] [run:440][39m Running experiment: Kill Backend Pod to Test Resilience
[36m[2025-11-07 19:03:01 DEBUG] [__init__:67][39m Initializing controls
[32m[2025-11-07 19:03:01 INFO] [run:471][39m Steady-state strategy: default
[32m[2025-11-07 19:03:01 INFO] [run:477][39m Rollbacks strategy: default
[36m[2025-11-07 19:03:01 DEBUG] [__init__:472][39m No controls to apply on 'experiment'
[36m[2025-11-07 19:03:01 DEBUG] [run:654][39m Running steady-state hypothesis before the method
[32m[2025-11-07 19:03:01 INFO] [hypothesis:205][39m Steady state hypothesis: Backend should be reachable and healthy before experiment
[36m[2025-11-07 19:03:01 DEBUG] [__init__:472][39m No controls to apply on 'hypothesis'
[36m[2025-11-07 19:03:01 DEBUG] [__init__:472][39m No controls to apply on 'activity'
[32m[2025-11-07 19:03:01 INFO] [activity:232][39m Probe: backend-healthy
[36m[2025-11-07 19:03:01 DEBUG] [activity:260][39m   => succeeded with '{'status': 404, 'headers': {'Server': 'Werkzeug/3.1.3 Python/3.11.14', 'Date': 'Fri, 07 Nov 2025 19:03:01 GMT', 'Content-Type': 'text/html; charset=utf-8', 'Content-Length': '207', 'Connection': 'close'}, 'body': '<!doctype html>\n<html lang=en>\n<title>404 Not Found</title>\n<h1>Not Found</h1>\n<p>The requested URL was not found on the server. If you entered the URL manually please check your spelling and try again.</p>\n'}'
[36m[2025-11-07 19:03:01 DEBUG] [__init__:472][39m No controls to apply on 'activity'
[36m[2025-11-07 19:03:01 DEBUG] [hypothesis:247][39m allowed tolerance is 200
[36m[2025-11-07 19:03:01 DEBUG] [__init__:472][39m No controls to apply on 'hypothesis'
[31m[2025-11-07 19:03:01 CRITICAL] [run:674][39m Steady state probe 'backend-healthy' is not in the given tolerance so failing this experiment
[32m[2025-11-07 19:03:01 INFO] [run:1072][39m Let's rollback...
[36m[2025-11-07 19:03:01 DEBUG] [__init__:472][39m No controls to apply on 'rollback'
[32m[2025-11-07 19:03:01 INFO] [rollback:36][39m Rollback: recover-backend
[36m[2025-11-07 19:03:01 DEBUG] [__init__:472][39m No controls to apply on 'activity'
[32m[2025-11-07 19:03:01 INFO] [activity:232][39m Action: recover-backend
[36m[2025-11-07 19:03:01 DEBUG] [process:52][39m Running: C:\ProgramData\chocolatey\bin\kubectl.EXE apply -f k8s/resilient/backend-deployment.yaml -n default
[36m[2025-11-07 19:03:01 DEBUG] [activity:260][39m   => succeeded with '{'status': 0, 'stdout': 'deployment.apps/resilient-backend unchanged\n', 'stderr': ''}'
[36m[2025-11-07 19:03:01 DEBUG] [__init__:472][39m No controls to apply on 'activity'
[36m[2025-11-07 19:03:01 DEBUG] [__init__:472][39m No controls to apply on 'rollback'
[32m[2025-11-07 19:03:01 INFO] [run:598][39m Experiment ended with status: completed
[36m[2025-11-07 19:03:01 DEBUG] [__init__:472][39m No controls to apply on 'experiment'
[36m[2025-11-07 19:03:01 DEBUG] [__init__:106][39m Cleaning up controls
[36m[2025-11-07 19:03:01 DEBUG] [caching:42][39m Clearing activities cache
